<?xml version="1.0" encoding="UTF-8"?>
<!-- Generated by org.testng.reporters.JUnitReportReporter -->
<testsuite hostname="DESKTOP-MLB9KDT" failures="0" tests="1" name="tesng.NewTest" time="0.007" errors="0" timestamp="2022-10-16T22:53:12 IST" skipped="0">
  <testcase classname="tesng.NewTest" name="test1" time="0.007"/>
  <system-out>
    <![CDATA[hello]]>
  </system-out>
</testsuite> <!-- tesng.NewTest -->
