<?xml version="1.0" encoding="UTF-8"?>
<!-- Generated by org.testng.reporters.JUnitReportReporter -->
<testsuite hostname="DESKTOP-MLB9KDT" failures="0" tests="1" name="tesng.Acti" time="5.070" errors="0" timestamp="2022-11-03T20:50:41 IST" skipped="0">
  <testcase classname="tesng.Acti" name="test1" time="5.070"/>
  <system-out/>
</testsuite> <!-- tesng.Acti -->
