<?xml version="1.0" encoding="UTF-8"?>
<!-- Generated by org.testng.reporters.JUnitReportReporter -->
<testsuite hostname="DESKTOP-MLB9KDT" failures="0" tests="4" name="tesng.invo2" time="0.006" errors="0" timestamp="2022-10-15T12:10:34 IST" skipped="0">
  <testcase classname="tesng.invo2" name="test1" time="0.000"/>
  <system-out>
    <![CDATA[logout]]>
  </system-out>
  <testcase classname="tesng.invo2" name="test2" time="0.000"/>
  <system-out>
    <![CDATA[login]]>
  </system-out>
  <testcase classname="tesng.invo2" name="test1" time="0.005"/>
  <system-out>
    <![CDATA[logout]]>
  </system-out>
  <testcase classname="tesng.invo2" name="test1" time="0.001"/>
  <system-out>
    <![CDATA[logout]]>
  </system-out>
</testsuite> <!-- tesng.invo2 -->
