<?xml version="1.0" encoding="UTF-8"?>
<!-- Generated by org.testng.reporters.JUnitReportReporter -->
<testsuite hostname="DESKTOP-MLB9KDT" failures="0" tests="1" name="tesng.Fb" time="7.863" errors="0" timestamp="2022-10-17T11:53:10 IST" skipped="0">
  <testcase classname="tesng.Fb" name="test1" time="7.863"/>
  <system-out/>
</testsuite> <!-- tesng.Fb -->
