<?xml version="1.0" encoding="UTF-8"?>
<!-- Generated by org.testng.reporters.JUnitReportReporter -->
<testsuite hostname="DESKTOP-MLB9KDT" failures="0" tests="2" name="tesng.enable1" time="0.006" errors="0" timestamp="2022-10-24T12:04:50 IST" skipped="1">
  <testcase classname="tesng.enable1" name="test1" time="0.006"/>
  <system-out>
    <![CDATA[logout]]>
  </system-out>
  <testcase classname="tesng.enable1" name="test2">
    <skipped/>
  </testcase> <!-- test2 -->
  <system-out/>
</testsuite> <!-- tesng.enable1 -->
