<?xml version="1.0" encoding="UTF-8"?>
<!-- Generated by org.testng.reporters.JUnitReportReporter -->
<testsuite hostname="DESKTOP-MLB9KDT" failures="0" tests="2" name="tesng.p2" time="0.008" errors="0" timestamp="2022-10-16T11:40:15 IST" skipped="0">
  <testcase classname="tesng.p2" name="test1" time="0.007"/>
  <system-out>
    <![CDATA[logout]]>
  </system-out>
  <testcase classname="tesng.p2" name="test2" time="0.001"/>
  <system-out>
    <![CDATA[login]]>
  </system-out>
</testsuite> <!-- tesng.p2 -->
